
FUNCTION fibo :
  PARAM v2
  temp_1 := #1
  IF v2 == temp_1 GOTO label_2
  GOTO label_4
LABEL label_4 :
  temp_2 := #2
  IF v2 == temp_2 GOTO label_2
  GOTO label_3
LABEL label_2 :
  temp_3 := #1
  RETURN temp_3
  GOTO label_1
LABEL label_3 :
  temp_4 := #1
  temp_5 := v2 - temp_4
  ARG temp_5
  temp_6 := CALL fibo
  temp_7 := #2
  temp_8 := v2 - temp_7
  ARG temp_8
  temp_9 := CALL fibo
  temp_10 := temp_6 + temp_9
  RETURN temp_10
LABEL label_1 :

FUNCTION main :
  temp_11 := #1
  v4 := temp_11
  temp_12 := #2
  v5 := temp_12
  temp_13 := #a
  v8 := temp_13
  temp_14 := CALL read
  v7 := temp_14
  ARG v7
  temp_15 := CALL fibo
  ARG temp_15
  temp_16 := CALL write
  temp_17 := #1
  v7 := temp_17
LABEL label_11 :
  temp_18 := #4
  IF v7 <= temp_18 GOTO label_10
  GOTO label_9
LABEL label_10 :
  temp_19 := #a
  IF v8 == temp_19 GOTO label_13
  GOTO label_14
LABEL label_13 :
  temp_20 := #1
  v7 := v7 + temp_20
  temp_21 := #B
  v8 := temp_21
  GOTO label_11
  GOTO label_12
LABEL label_14 :
  temp_22 := #3
  IF v7 == temp_22 GOTO label_17
  GOTO label_12
LABEL label_17 :
  GOTO label_9
LABEL label_12 :
  temp_23 := #1
  temp_24 := v7 + temp_23
  v7 := temp_24
  GOTO label_11
LABEL label_9 :
  ARG v7
  temp_25 := CALL write
  temp_26 := #0
  v7 := temp_26
  temp_27 := #0
  v4 := temp_27
LABEL label_21 :
  temp_28 := #2
  IF v4 < temp_28 GOTO label_22
  GOTO label_20
LABEL label_23 :
  temp_29 := #1
  temp_30 := v4 + temp_29
  v4 := temp_30
  GOTO label_21
LABEL label_22 :
  temp_31 := #0
  v5 := temp_31
LABEL label_25 :
  temp_32 := #3
  IF v5 < temp_32 GOTO label_26
  GOTO label_24
LABEL label_27 :
  temp_33 := #1
  temp_34 := v5 + temp_33
  v5 := temp_34
  GOTO label_25
LABEL label_26 :
  temp_36 := v4 + v5
  temp_35_arr := temp_36
  v7 := v7 + temp_37_arr
  GOTO label_27
LABEL label_24 :
  temp_38 := #1
  temp_39 := v7 + temp_38
  v7 := temp_39
  GOTO label_23
LABEL label_20 :
  ARG v7
  temp_40 := CALL write
  temp_41 := #0
  RETURN temp_41
LABEL label_5 :
